android/app/build/intermediates/manifest_merge_blame_file/debug/manifest-merger-blame-debug-report.txt
1<?xml version="1.0" encoding="utf-8"?>
2<manifest xmlns:android="http://schemas.android.com/apk/res/android"
3    package="com.thinksolutionz.foodies"
4    android:versionCode="7"
5    android:versionName="1.1" >
6
7    <uses-sdk
8        android:minSdkVersion="16"
8-->src\main\AndroidManifest.xml
9        android:targetSdkVersion="26" />
9-->src\main\AndroidManifest.xml
10
11    <uses-permission android:name="android.permission.INTERNET" />
11-->src\main\AndroidManifest.xml:4:5-67
11-->src\main\AndroidManifest.xml:4:22-64
12    <uses-permission android:name="android.permission.SYSTEM_ALERT_WINDOW" />
12-->src\main\AndroidManifest.xml:5:5-78
12-->src\main\AndroidManifest.xml:5:22-75
13    <uses-permission android:name="android.permission.ACCESS_FINE_LOCATION" />
13-->src\main\AndroidManifest.xml:6:5-79
13-->src\main\AndroidManifest.xml:6:22-76
14    <uses-permission android:name="android.permission.ACCESS_COARSE_LOCATION" />
14-->src\main\AndroidManifest.xml:7:5-81
14-->src\main\AndroidManifest.xml:7:22-78
15    <uses-permission android:name="android.permission.CAMERA" />
15-->src\main\AndroidManifest.xml:8:5-65
15-->src\main\AndroidManifest.xml:8:22-62
16    <uses-permission android:name="android.permission.READ_EXTERNAL_STORAGE" />
16-->src\main\AndroidManifest.xml:9:5-80
16-->src\main\AndroidManifest.xml:9:22-77
17    <uses-permission android:name="android.permission.WRITE_EXTERNAL_STORAGE" />
17-->src\main\AndroidManifest.xml:10:5-81
17-->src\main\AndroidManifest.xml:10:22-78
18    <uses-permission android:name="android.permission.ACCESS_NETWORK_STATE" />
18-->src\main\AndroidManifest.xml:11:5-79
18-->src\main\AndroidManifest.xml:11:22-76
19    <uses-permission android:name="android.permission.WAKE_LOCK" />
19-->[:react-native-firebase] AndroidManifest.xml:12:5-68
19-->[:react-native-firebase] AndroidManifest.xml:12:22-65
20
21    <uses-feature
21-->[com.google.android.gms:play-services-maps:16.1.0] AndroidManifest.xml:26:5-28:35
22        android:glEsVersion="0x00020000"
22-->[com.google.android.gms:play-services-maps:16.1.0] AndroidManifest.xml:27:9-41
23        android:required="true" />
23-->[com.google.android.gms:play-services-maps:16.1.0] AndroidManifest.xml:28:9-32
24
25    <uses-permission android:name="com.google.android.finsky.permission.BIND_GET_INSTALL_REFERRER_SERVICE" /> <!-- Required by older versions of Google Play services to create IID tokens -->
25-->[com.google.firebase:firebase-analytics:15.0.2] AndroidManifest.xml:26:5-110
25-->[com.google.firebase:firebase-analytics:15.0.2] AndroidManifest.xml:26:22-107
26    <uses-permission android:name="com.google.android.c2dm.permission.RECEIVE" />
26-->[com.google.firebase:firebase-iid:15.1.0] AndroidManifest.xml:26:5-82
26-->[com.google.firebase:firebase-iid:15.1.0] AndroidManifest.xml:26:22-79
27
28    <permission
28-->[com.google.firebase:firebase-iid:15.1.0] AndroidManifest.xml:28:5-30:47
29        android:name="com.thinksolutionz.foodies.permission.C2D_MESSAGE"
29-->[com.google.firebase:firebase-iid:15.1.0] AndroidManifest.xml:29:9-63
30        android:protectionLevel="signature" />
30-->[com.google.firebase:firebase-iid:15.1.0] AndroidManifest.xml:30:9-44
31
32    <uses-permission android:name="com.thinksolutionz.foodies.permission.C2D_MESSAGE" /> <!-- for android -->
32-->[com.google.firebase:firebase-iid:15.1.0] AndroidManifest.xml:32:5-79
32-->[com.google.firebase:firebase-iid:15.1.0] AndroidManifest.xml:32:22-76
33    <!-- <uses-permission android:name="com.android.launcher.permission.READ_SETTINGS"/> -->
34    <!-- <uses-permission android:name="com.android.launcher.permission.WRITE_SETTINGS"/> -->
35    <!-- <uses-permission android:name="com.android.launcher.permission.INSTALL_SHORTCUT" /> -->
36    <!-- <uses-permission android:name="com.android.launcher.permission.UNINSTALL_SHORTCUT" /> -->
37    <!-- for Samsung -->
38    <uses-permission android:name="com.sec.android.provider.badge.permission.READ" />
38-->[me.leolin:ShortcutBadger:1.1.21] AndroidManifest.xml:19:5-86
38-->[me.leolin:ShortcutBadger:1.1.21] AndroidManifest.xml:19:22-83
39    <uses-permission android:name="com.sec.android.provider.badge.permission.WRITE" /> <!-- for htc -->
39-->[me.leolin:ShortcutBadger:1.1.21] AndroidManifest.xml:20:5-87
39-->[me.leolin:ShortcutBadger:1.1.21] AndroidManifest.xml:20:22-84
40    <uses-permission android:name="com.htc.launcher.permission.READ_SETTINGS" />
40-->[me.leolin:ShortcutBadger:1.1.21] AndroidManifest.xml:23:5-81
40-->[me.leolin:ShortcutBadger:1.1.21] AndroidManifest.xml:23:22-78
41    <uses-permission android:name="com.htc.launcher.permission.UPDATE_SHORTCUT" /> <!-- for sony -->
41-->[me.leolin:ShortcutBadger:1.1.21] AndroidManifest.xml:24:5-83
41-->[me.leolin:ShortcutBadger:1.1.21] AndroidManifest.xml:24:22-80
42    <uses-permission android:name="com.sonyericsson.home.permission.BROADCAST_BADGE" />
42-->[me.leolin:ShortcutBadger:1.1.21] AndroidManifest.xml:27:5-88
42-->[me.leolin:ShortcutBadger:1.1.21] AndroidManifest.xml:27:22-85
43    <uses-permission android:name="com.sonymobile.home.permission.PROVIDER_INSERT_BADGE" /> <!-- for apex -->
43-->[me.leolin:ShortcutBadger:1.1.21] AndroidManifest.xml:28:5-92
43-->[me.leolin:ShortcutBadger:1.1.21] AndroidManifest.xml:28:22-89
44    <uses-permission android:name="com.anddoes.launcher.permission.UPDATE_COUNT" /> <!-- for solid -->
44-->[me.leolin:ShortcutBadger:1.1.21] AndroidManifest.xml:31:5-84
44-->[me.leolin:ShortcutBadger:1.1.21] AndroidManifest.xml:31:22-81
45    <uses-permission android:name="com.majeur.launcher.permission.UPDATE_BADGE" /> <!-- for huawei -->
45-->[me.leolin:ShortcutBadger:1.1.21] AndroidManifest.xml:34:5-83
45-->[me.leolin:ShortcutBadger:1.1.21] AndroidManifest.xml:34:22-80
46    <uses-permission android:name="com.huawei.android.launcher.permission.CHANGE_BADGE" />
46-->[me.leolin:ShortcutBadger:1.1.21] AndroidManifest.xml:37:5-91
46-->[me.leolin:ShortcutBadger:1.1.21] AndroidManifest.xml:37:22-88
47    <uses-permission android:name="com.huawei.android.launcher.permission.READ_SETTINGS" />
47-->[me.leolin:ShortcutBadger:1.1.21] AndroidManifest.xml:38:5-92
47-->[me.leolin:ShortcutBadger:1.1.21] AndroidManifest.xml:38:22-89
48    <uses-permission android:name="com.huawei.android.launcher.permission.WRITE_SETTINGS" /> <!-- for ZUK -->
48-->[me.leolin:ShortcutBadger:1.1.21] AndroidManifest.xml:39:5-93
48-->[me.leolin:ShortcutBadger:1.1.21] AndroidManifest.xml:39:22-90
49    <uses-permission android:name="android.permission.READ_APP_BADGE" /> <!-- for OPPO -->
49-->[me.leolin:ShortcutBadger:1.1.21] AndroidManifest.xml:42:5-73
49-->[me.leolin:ShortcutBadger:1.1.21] AndroidManifest.xml:42:22-70
50    <uses-permission android:name="com.oppo.launcher.permission.READ_SETTINGS" />
50-->[me.leolin:ShortcutBadger:1.1.21] AndroidManifest.xml:45:5-82
50-->[me.leolin:ShortcutBadger:1.1.21] AndroidManifest.xml:45:22-79
51    <uses-permission android:name="com.oppo.launcher.permission.WRITE_SETTINGS" /> <!-- for EvMe -->
51-->[me.leolin:ShortcutBadger:1.1.21] AndroidManifest.xml:46:5-83
51-->[me.leolin:ShortcutBadger:1.1.21] AndroidManifest.xml:46:22-80
52    <uses-permission android:name="me.everything.badger.permission.BADGE_COUNT_READ" />
52-->[me.leolin:ShortcutBadger:1.1.21] AndroidManifest.xml:49:5-88
52-->[me.leolin:ShortcutBadger:1.1.21] AndroidManifest.xml:49:22-85
53    <uses-permission android:name="me.everything.badger.permission.BADGE_COUNT_WRITE" />
53-->[me.leolin:ShortcutBadger:1.1.21] AndroidManifest.xml:50:5-89
53-->[me.leolin:ShortcutBadger:1.1.21] AndroidManifest.xml:50:22-86
54    <uses-permission android:name="android.permission.READ_PHONE_STATE" />
55
56    <application
56-->src\main\AndroidManifest.xml:13:5-62:19
57        android:name="com.thinksolutionz.foodies.MainApplication"
57-->src\main\AndroidManifest.xml:14:9-40
58        android:allowBackup="false"
58-->src\main\AndroidManifest.xml:15:9-36
59        android:debuggable="true"
60        android:icon="@drawable/ic_launcher_new"
60-->src\main\AndroidManifest.xml:16:9-49
61        android:label="@string/app_name"
61-->src\main\AndroidManifest.xml:17:9-41
62        android:roundIcon="@drawable/ic_launcher_new"
62-->src\main\AndroidManifest.xml:18:9-54
63        android:theme="@style/AppTheme" >
63-->src\main\AndroidManifest.xml:19:9-40
64        <meta-data
64-->src\main\AndroidManifest.xml:20:9-22:71
65            android:name="com.google.android.geo.API_KEY"
65-->src\main\AndroidManifest.xml:21:13-58
66            android:value="AIzaSyCAzKH0AVRyXkKrP6XEcK2i9bGMHwr771c" />
66-->src\main\AndroidManifest.xml:22:13-68
67        <meta-data
67-->src\main\AndroidManifest.xml:23:9-25:69
68            android:name="com.google.android.gms.version"
68-->src\main\AndroidManifest.xml:24:13-58
69            android:value="@integer/google_play_services_version" />
69-->src\main\AndroidManifest.xml:25:13-66
70
71        <provider
72            android:name="android.support.v4.content.FileProvider"
72-->src\main\AndroidManifest.xml:28:13-67
73            android:authorities="com.thinksolutionz.foodies.provider"
73-->src\main\AndroidManifest.xml:29:13-60
74            android:exported="false"
74-->src\main\AndroidManifest.xml:30:13-37
75            android:grantUriPermissions="true" >
75-->src\main\AndroidManifest.xml:31:13-47
76            <meta-data
76-->src\main\AndroidManifest.xml:32:13-34:53
77                android:name="android.support.FILE_PROVIDER_PATHS"
77-->src\main\AndroidManifest.xml:33:17-67
78                android:resource="@xml/filepaths" />
78-->src\main\AndroidManifest.xml:34:17-50
79        </provider>
80
81        <activity
81-->src\main\AndroidManifest.xml:37:9-48:20
82            android:name="com.thinksolutionz.foodies.MainActivity"
82-->src\main\AndroidManifest.xml:38:13-41
83            android:configChanges="keyboard|keyboardHidden|orientation|screenSize"
83-->src\main\AndroidManifest.xml:39:13-83
84            android:label="@string/app_name"
84-->src\main\AndroidManifest.xml:40:13-45
85            android:launchMode="singleTask"
85-->src\main\AndroidManifest.xml:41:13-44
86            android:screenOrientation="portrait"
86-->src\main\AndroidManifest.xml:43:13-49
87            android:windowSoftInputMode="adjustPan" >
87-->src\main\AndroidManifest.xml:42:13-52
88            <intent-filter>
88-->src\main\AndroidManifest.xml:44:13-47:29
89                <action android:name="android.intent.action.MAIN" />
89-->src\main\AndroidManifest.xml:45:17-69
89-->src\main\AndroidManifest.xml:45:25-66
90
91                <category android:name="android.intent.category.LAUNCHER" />
91-->src\main\AndroidManifest.xml:46:17-77
91-->src\main\AndroidManifest.xml:46:27-74
92            </intent-filter>
93        </activity>
94        <activity android:name="com.facebook.react.devsupport.DevSettingsActivity" />
94-->src\main\AndroidManifest.xml:49:9-86
94-->src\main\AndroidManifest.xml:49:19-83
95
96        <service android:name="io.invertase.firebase.messaging.RNFirebaseMessagingService" >
96-->src\main\AndroidManifest.xml:51:9-55:19
96-->src\main\AndroidManifest.xml:51:18-91
97            <intent-filter>
97-->src\main\AndroidManifest.xml:52:13-54:29
98                <action android:name="com.google.firebase.MESSAGING_EVENT" />
98-->src\main\AndroidManifest.xml:53:17-78
98-->src\main\AndroidManifest.xml:53:25-75
99            </intent-filter>
100        </service>
101        <service android:name="io.invertase.firebase.messaging.RNFirebaseInstanceIdService" >
101-->src\main\AndroidManifest.xml:56:9-60:19
101-->src\main\AndroidManifest.xml:56:18-92
102            <intent-filter>
102-->src\main\AndroidManifest.xml:57:13-59:29
103                <action android:name="com.google.firebase.INSTANCE_ID_EVENT" />
103-->src\main\AndroidManifest.xml:58:17-80
103-->src\main\AndroidManifest.xml:58:25-77
104            </intent-filter>
105        </service>
106        <service android:name="io.invertase.firebase.messaging.RNFirebaseBackgroundMessagingService" />
106-->src\main\AndroidManifest.xml:61:9-104
106-->src\main\AndroidManifest.xml:61:18-101
107
108        <provider
108-->[:react-native-share] AndroidManifest.xml:15:9-25:20
109            android:name="cl.json.RNShareFileProvider"
109-->[:react-native-share] AndroidManifest.xml:16:13-55
110            android:authorities="com.thinksolutionz.foodies.rnshare.fileprovider"
110-->[:react-native-share] AndroidManifest.xml:17:13-72
111            android:exported="false"
111-->[:react-native-share] AndroidManifest.xml:18:13-37
112            android:grantUriPermissions="true" >
112-->[:react-native-share] AndroidManifest.xml:19:13-47
113            <meta-data
113-->src\main\AndroidManifest.xml:32:13-34:53
114                android:name="android.support.FILE_PROVIDER_PATHS"
114-->src\main\AndroidManifest.xml:33:17-67
115                android:resource="@xml/share_download_paths" />
115-->src\main\AndroidManifest.xml:34:17-50
116        </provider>
117        <provider
117-->[:react-native-image-picker] AndroidManifest.xml:12:9-20:20
118            android:name="com.imagepicker.FileProvider"
118-->[:react-native-image-picker] AndroidManifest.xml:13:13-56
119            android:authorities="com.thinksolutionz.foodies.provider"
119-->[:react-native-image-picker] AndroidManifest.xml:14:13-60
120            android:exported="false"
120-->[:react-native-image-picker] AndroidManifest.xml:15:13-37
121            android:grantUriPermissions="true" >
121-->[:react-native-image-picker] AndroidManifest.xml:16:13-47
122            <meta-data
122-->src\main\AndroidManifest.xml:32:13-34:53
123                android:name="android.support.FILE_PROVIDER_PATHS"
123-->src\main\AndroidManifest.xml:33:17-67
124                android:resource="@xml/provider_paths" />
124-->src\main\AndroidManifest.xml:34:17-50
125        </provider>
126        <!--
127             FirebaseMessagingService performs security checks at runtime,
128             no need for explicit permissions despite exported="true"
129        -->
130        <service
130-->[com.google.firebase:firebase-messaging:15.0.2] AndroidManifest.xml:28:9-34:19
131            android:name="com.google.firebase.messaging.FirebaseMessagingService"
131-->[com.google.firebase:firebase-messaging:15.0.2] AndroidManifest.xml:29:13-82
132            android:exported="true" >
132-->[com.google.firebase:firebase-messaging:15.0.2] AndroidManifest.xml:30:13-36
133            <intent-filter android:priority="-500" >
133-->src\main\AndroidManifest.xml:52:13-54:29
134                <action android:name="com.google.firebase.MESSAGING_EVENT" />
134-->src\main\AndroidManifest.xml:53:17-78
134-->src\main\AndroidManifest.xml:53:25-75
135            </intent-filter>
136        </service>
137
138        <activity
138-->[com.google.firebase:firebase-auth:15.0.0] AndroidManifest.xml:23:9-29:75
139            android:name="com.google.firebase.auth.internal.FederatedSignInActivity"
139-->[com.google.firebase:firebase-auth:15.0.0] AndroidManifest.xml:24:13-85
140            android:excludeFromRecents="true"
140-->[com.google.firebase:firebase-auth:15.0.0] AndroidManifest.xml:25:13-46
141            android:exported="true"
141-->[com.google.firebase:firebase-auth:15.0.0] AndroidManifest.xml:26:13-36
142            android:launchMode="singleInstance"
142-->[com.google.firebase:firebase-auth:15.0.0] AndroidManifest.xml:27:13-48
143            android:permission="com.google.firebase.auth.api.gms.permission.LAUNCH_FEDERATED_SIGN_IN"
143-->[com.google.firebase:firebase-auth:15.0.0] AndroidManifest.xml:28:13-102
144            android:theme="@android:style/Theme.Translucent.NoTitleBar" /> <!-- Needs to be explicitly declared on P+ -->
144-->[com.google.firebase:firebase-auth:15.0.0] AndroidManifest.xml:29:13-72
145        <uses-library
145-->[com.google.android.gms:play-services-maps:16.1.0] AndroidManifest.xml:33:9-35:40
146            android:name="org.apache.http.legacy"
146-->[com.google.android.gms:play-services-maps:16.1.0] AndroidManifest.xml:34:13-50
147            android:required="false" />
147-->[com.google.android.gms:play-services-maps:16.1.0] AndroidManifest.xml:35:13-37
148
149        <service android:name="com.google.firebase.components.ComponentDiscoveryService" >
149-->[com.google.firebase:firebase-measurement-connector-impl:15.0.0] AndroidManifest.xml:27:9-31:19
149-->[com.google.firebase:firebase-measurement-connector-impl:15.0.0] AndroidManifest.xml:27:18-89
150            <meta-data
150-->[com.google.firebase:firebase-measurement-connector-impl:15.0.0] AndroidManifest.xml:28:13-30:85
151                android:name="com.google.firebase.components:com.google.firebase.analytics.connector.internal.AnalyticsConnectorRegistrar"
151-->[com.google.firebase:firebase-measurement-connector-impl:15.0.0] AndroidManifest.xml:29:17-139
152                android:value="com.google.firebase.components.ComponentRegistrar" />
152-->[com.google.firebase:firebase-measurement-connector-impl:15.0.0] AndroidManifest.xml:30:17-82
153            <meta-data
153-->[com.google.firebase:firebase-iid:15.1.0] AndroidManifest.xml:36:13-38:85
154                android:name="com.google.firebase.components:com.google.firebase.iid.Registrar"
154-->[com.google.firebase:firebase-iid:15.1.0] AndroidManifest.xml:37:17-96
155                android:value="com.google.firebase.components.ComponentRegistrar" />
155-->[com.google.firebase:firebase-iid:15.1.0] AndroidManifest.xml:38:17-82
156        </service>
157
158        <receiver
158-->[com.google.firebase:firebase-analytics:15.0.2] AndroidManifest.xml:29:9-33:20
159            android:name="com.google.android.gms.measurement.AppMeasurementReceiver"
159-->[com.google.firebase:firebase-analytics:15.0.2] AndroidManifest.xml:30:13-85
160            android:enabled="true"
160-->[com.google.firebase:firebase-analytics:15.0.2] AndroidManifest.xml:31:13-35
161            android:exported="false" >
161-->[com.google.firebase:firebase-analytics:15.0.2] AndroidManifest.xml:32:13-37
162        </receiver>
163        <receiver
163-->[com.google.firebase:firebase-analytics:15.0.2] AndroidManifest.xml:34:9-42:20
164            android:name="com.google.android.gms.measurement.AppMeasurementInstallReferrerReceiver"
164-->[com.google.firebase:firebase-analytics:15.0.2] AndroidManifest.xml:35:13-100
165            android:enabled="true"
165-->[com.google.firebase:firebase-analytics:15.0.2] AndroidManifest.xml:36:13-35
166            android:exported="true"
166-->[com.google.firebase:firebase-analytics:15.0.2] AndroidManifest.xml:37:13-36
167            android:permission="android.permission.INSTALL_PACKAGES" >
167-->[com.google.firebase:firebase-analytics:15.0.2] AndroidManifest.xml:38:13-69
168            <intent-filter>
168-->[com.google.firebase:firebase-analytics:15.0.2] AndroidManifest.xml:39:13-41:29
169                <action android:name="com.android.vending.INSTALL_REFERRER" />
169-->[com.google.firebase:firebase-analytics:15.0.2] AndroidManifest.xml:40:17-79
169-->[com.google.firebase:firebase-analytics:15.0.2] AndroidManifest.xml:40:25-76
170            </intent-filter>
171        </receiver>
172
173        <service
173-->[com.google.firebase:firebase-analytics:15.0.2] AndroidManifest.xml:44:9-47:40
174            android:name="com.google.android.gms.measurement.AppMeasurementService"
174-->[com.google.firebase:firebase-analytics:15.0.2] AndroidManifest.xml:45:13-84
175            android:enabled="true"
175-->[com.google.firebase:firebase-analytics:15.0.2] AndroidManifest.xml:46:13-35
176            android:exported="false" />
176-->[com.google.firebase:firebase-analytics:15.0.2] AndroidManifest.xml:47:13-37
177        <service
177-->[com.google.firebase:firebase-analytics:15.0.2] AndroidManifest.xml:48:9-52:72
178            android:name="com.google.android.gms.measurement.AppMeasurementJobService"
178-->[com.google.firebase:firebase-analytics:15.0.2] AndroidManifest.xml:49:13-87
179            android:enabled="true"
179-->[com.google.firebase:firebase-analytics:15.0.2] AndroidManifest.xml:50:13-35
180            android:exported="false"
180-->[com.google.firebase:firebase-analytics:15.0.2] AndroidManifest.xml:51:13-37
181            android:permission="android.permission.BIND_JOB_SERVICE" />
181-->[com.google.firebase:firebase-analytics:15.0.2] AndroidManifest.xml:52:13-69
182
183        <receiver
183-->[com.google.firebase:firebase-iid:15.1.0] AndroidManifest.xml:41:9-50:20
184            android:name="com.google.firebase.iid.FirebaseInstanceIdReceiver"
184-->[com.google.firebase:firebase-iid:15.1.0] AndroidManifest.xml:42:13-78
185            android:exported="true"
185-->[com.google.firebase:firebase-iid:15.1.0] AndroidManifest.xml:43:13-36
186            android:permission="com.google.android.c2dm.permission.SEND" >
186-->[com.google.firebase:firebase-iid:15.1.0] AndroidManifest.xml:44:13-73
187            <intent-filter>
187-->[com.google.firebase:firebase-iid:15.1.0] AndroidManifest.xml:45:13-49:29
188                <action android:name="com.google.android.c2dm.intent.RECEIVE" />
188-->[com.google.firebase:firebase-iid:15.1.0] AndroidManifest.xml:46:17-81
188-->[com.google.firebase:firebase-iid:15.1.0] AndroidManifest.xml:46:25-78
189
190                <category android:name="com.thinksolutionz.foodies" />
190-->[com.google.firebase:firebase-iid:15.1.0] AndroidManifest.xml:48:17-61
190-->[com.google.firebase:firebase-iid:15.1.0] AndroidManifest.xml:48:27-58
191            </intent-filter>
192        </receiver>
193        <!--
194             FirebaseInstanceIdService performs security checks at runtime,
195             no need for explicit permissions despite exported="true"
196        -->
197        <service
197-->[com.google.firebase:firebase-iid:15.1.0] AndroidManifest.xml:56:9-62:19
198            android:name="com.google.firebase.iid.FirebaseInstanceIdService"
198-->[com.google.firebase:firebase-iid:15.1.0] AndroidManifest.xml:57:13-77
199            android:exported="true" >
199-->[com.google.firebase:firebase-iid:15.1.0] AndroidManifest.xml:58:13-36
200            <intent-filter android:priority="-500" >
200-->src\main\AndroidManifest.xml:57:13-59:29
201                <action android:name="com.google.firebase.INSTANCE_ID_EVENT" />
201-->src\main\AndroidManifest.xml:58:17-80
201-->src\main\AndroidManifest.xml:58:25-77
202            </intent-filter>
203        </service>
204
205        <activity
205-->[com.google.android.gms:play-services-base:16.1.0] AndroidManifest.xml:23:9-26:75
206            android:name="com.google.android.gms.common.api.GoogleApiActivity"
206-->[com.google.android.gms:play-services-base:16.1.0] AndroidManifest.xml:24:13-79
207            android:exported="false"
207-->[com.google.android.gms:play-services-base:16.1.0] AndroidManifest.xml:25:13-37
208            android:theme="@android:style/Theme.Translucent.NoTitleBar" />
208-->[com.google.android.gms:play-services-base:16.1.0] AndroidManifest.xml:26:13-72
209
210        <provider
210-->[com.google.firebase:firebase-common:15.0.1] AndroidManifest.xml:8:9-12:39
211            android:name="com.google.firebase.provider.FirebaseInitProvider"
211-->[com.google.firebase:firebase-common:15.0.1] AndroidManifest.xml:9:13-77
212            android:authorities="com.thinksolutionz.foodies.firebaseinitprovider"
212-->[com.google.firebase:firebase-common:15.0.1] AndroidManifest.xml:10:13-72
213            android:exported="false"
213-->[com.google.firebase:firebase-common:15.0.1] AndroidManifest.xml:11:13-37
214            android:initOrder="100" />
214-->[com.google.firebase:firebase-common:15.0.1] AndroidManifest.xml:12:13-36
215
216        <meta-data
216-->[com.android.support:support-v4:26.1.0] AndroidManifest.xml:26:9-28:38
217            android:name="android.support.VERSION"
217-->[com.android.support:support-v4:26.1.0] AndroidManifest.xml:27:13-51
218            android:value="26.1.0" />
218-->[com.android.support:support-v4:26.1.0] AndroidManifest.xml:28:13-35
219    </application>
220
221</manifest>